2023-07-23 22:10:42,514 - CurrentMachineResource - DEBUG - Instance of CurrentMachineResource resource created.
2023-07-23 22:14:14,470 - CurrentMachineResource - DEBUG - Instance of CurrentMachineResource resource created.
2023-07-23 22:14:23,175 - CurrentMachineResource - DEBUG - Instance of CurrentMachineResource resource created.
2023-07-23 22:14:28,949 - CurrentMachineResource - DEBUG - Instance of CurrentMachineResource resource created.
2023-07-23 22:14:30,652 - CurrentMachineResource - DEBUG - Instance of CurrentMachineResource resource created.
2023-07-23 22:14:32,185 - CurrentMachineResource - DEBUG - Instance of CurrentMachineResource resource created.
2023-07-23 22:14:34,170 - CurrentMachineResource - DEBUG - Instance of CurrentMachineResource resource created.
2023-07-23 22:14:35,946 - CurrentMachineResource - DEBUG - Instance of CurrentMachineResource resource created.
2023-07-23 22:14:38,366 - CurrentMachineResource - DEBUG - Instance of CurrentMachineResource resource created.
2023-07-23 22:14:39,131 - CurrentMachineResource - DEBUG - Instance of CurrentMachineResource resource created.
2023-07-23 22:14:39,876 - CurrentMachineResource - DEBUG - Instance of CurrentMachineResource resource created.
2023-07-23 22:14:40,326 - CurrentMachineResource - DEBUG - Instance of CurrentMachineResource resource created.
2023-07-23 22:14:40,971 - CurrentMachineResource - DEBUG - Instance of CurrentMachineResource resource created.
2023-07-23 22:14:42,439 - CurrentMachineResource - DEBUG - Instance of CurrentMachineResource resource created.
2023-07-23 22:14:45,767 - CurrentMachineResource - DEBUG - Instance of CurrentMachineResource resource created.
2023-07-23 22:14:45,989 - CurrentMachineResource - DEBUG - Instance of CurrentMachineResource resource created.
2023-07-23 22:14:48,469 - CurrentMachineResource - DEBUG - Instance of CurrentMachineResource resource created.
2023-07-23 22:14:48,899 - CurrentMachineResource - DEBUG - Instance of CurrentMachineResource resource created.
2023-07-23 22:14:49,134 - CurrentMachineResource - DEBUG - Instance of CurrentMachineResource resource created.
2023-07-23 22:14:49,385 - CurrentMachineResource - DEBUG - Instance of CurrentMachineResource resource created.
2023-07-23 22:15:46,493 - CurrentMachineResource - DEBUG - Instance of CurrentMachineResource resource created.
2023-07-23 22:15:47,557 - CurrentMachineResource - DEBUG - Instance of CurrentMachineResource resource created.
2023-07-23 22:15:48,427 - CurrentMachineResource - DEBUG - Instance of CurrentMachineResource resource created.
2023-07-23 22:15:49,246 - CurrentMachineResource - DEBUG - Instance of CurrentMachineResource resource created.
2023-07-23 22:15:50,055 - CurrentMachineResource - DEBUG - Instance of CurrentMachineResource resource created.
2023-07-23 22:15:50,307 - CurrentMachineResource - DEBUG - Instance of CurrentMachineResource resource created.
2023-07-23 22:15:51,323 - CurrentMachineResource - DEBUG - Instance of CurrentMachineResource resource created.
2023-07-23 22:16:07,254 - CurrentMachineResource - DEBUG - Instance of CurrentMachineResource resource created.
2023-07-23 22:16:09,738 - CurrentMachineResource - DEBUG - Instance of CurrentMachineResource resource created.
2023-07-23 22:16:12,443 - CurrentMachineResource - DEBUG - Instance of CurrentMachineResource resource created.
2023-07-23 22:18:54,675 - CurrentMachineResource - DEBUG - Instance of CurrentMachineResource resource created.
2023-07-23 22:18:55,116 - CurrentMachineResource - DEBUG - Trimming older system info files as limit exceeded.
2023-07-24 21:26:46,663 - WorldStateRssFeedsResource - DEBUG - Instance of WorldStateRssFeedsResource resource created.
2023-07-24 21:29:51,718 - WorldStateRssFeedsResource - DEBUG - Instance of WorldStateRssFeedsResource resource created.
2023-07-24 21:32:45,437 - WorldStateRssFeedsResource - DEBUG - Instance of WorldStateRssFeedsResource resource created.
2023-07-24 21:32:45,762 - WorldStateRssFeedsResource - DEBUG - Query with keyword: None and date: None returned 51 results
2023-07-24 21:32:45,762 - WorldStateRssFeedsResource - DEBUG - Result 1: The BBC's Lora Jones tells you four things you can do, if your landlord asks for more money.
2023-07-24 21:33:17,029 - WorldStateRssFeedsResource - DEBUG - Instance of WorldStateRssFeedsResource resource created.
2023-07-24 21:33:17,265 - WorldStateRssFeedsResource - DEBUG - Query with [keyword: None, and date: None] returned 51 results
2023-07-24 21:33:17,265 - WorldStateRssFeedsResource - DEBUG - Result 1: The BBC's Lora Jones tells you four things you can do, if your landlord asks for more money.
2023-07-24 21:43:23,533 - WorldStateRssFeedsResource - DEBUG - Instance of WorldStateRssFeedsResource resource created.
2023-07-24 21:43:23,783 - WorldStateRssFeedsResource - DEBUG - Query with [keyword: None, date: None] returned 51 results
2023-07-24 21:43:23,783 - WorldStateRssFeedsResource - DEBUG - Sample Result: Some airlines are continuing to fly to the islands but can you cancel your flight and get a refund?
2023-07-24 21:44:05,766 - WorldStateRssFeedsResource - DEBUG - Instance of WorldStateRssFeedsResource resource created.
2023-07-24 21:44:05,957 - WorldStateRssFeedsResource - DEBUG - Query with [keyword: None, date: None] returned 51 results
2023-07-24 21:44:05,957 - WorldStateRssFeedsResource - DEBUG - Sample Result: Rhodes wildfires are 'like a biblical catastrophe'
